<?xml version="1.0" encoding="UTF-8"?>
<testng-results ignored="0" total="1" passed="1" failed="0" skipped="0">
  <reporter-output>
  </reporter-output>
  <suite started-at="2022-01-19T17:14:25 IST" name="Default suite" finished-at="2022-01-19T17:14:28 IST" duration-ms="3293">
    <groups>
    </groups>
    <test started-at="2022-01-19T17:14:25 IST" name="Default test" finished-at="2022-01-19T17:14:28 IST" duration-ms="3293">
      <class name="org.api.tests.TestGetPerson">
        <test-method is-config="true" signature="init()[pri:0, instance:org.api.tests.TestGetPerson@2e3967ea]" started-at="2022-01-19T17:14:23 IST" name="init" finished-at="2022-01-19T17:14:25 IST" duration-ms="1329" status="PASS">
          <reporter-output>
          </reporter-output>
        </test-method> <!-- init -->
        <test-method signature="testGetAllPerson()[pri:0, instance:org.api.tests.TestGetPerson@2e3967ea]" started-at="2022-01-19T17:14:25 IST" name="testGetAllPerson" finished-at="2022-01-19T17:14:28 IST" duration-ms="3137" status="PASS">
          <reporter-output>
          </reporter-output>
        </test-method> <!-- testGetAllPerson -->
      </class> <!-- org.api.tests.TestGetPerson -->
    </test> <!-- Default test -->
  </suite> <!-- Default suite -->
</testng-results>
